<?xml version="1.0" encoding="UTF-8"?>
<coverage generated="1690903162089" clover="3.2.0">
  <project timestamp="1690903162089" name="All files">
    <metrics statements="137" coveredstatements="129" conditionals="83" coveredconditionals="74" methods="19" coveredmethods="18" elements="239" coveredelements="221" complexity="0" loc="137" ncloc="137" packages="2" files="6" classes="6"/>
    <package name="src">
      <metrics statements="67" coveredstatements="62" conditionals="32" coveredconditionals="28" methods="8" coveredmethods="7"/>
      <file name="functions.js" path="/home/unukalhai/frontend-project-46/src/functions.js">
        <metrics statements="63" coveredstatements="58" conditionals="28" coveredconditionals="24" methods="7" coveredmethods="6"/>
        <line num="7" count="1" type="stmt"/>
        <line num="8" count="7" type="stmt"/>
        <line num="11" count="1" type="stmt"/>
        <line num="12" count="5" type="cond" truecount="2" falsecount="0"/>
        <line num="13" count="5" type="stmt"/>
        <line num="14" count="3" type="stmt"/>
        <line num="15" count="3" type="stmt"/>
        <line num="16" count="3" type="stmt"/>
        <line num="19" count="1" type="stmt"/>
        <line num="20" count="18" type="cond" truecount="2" falsecount="0"/>
        <line num="21" count="1" type="stmt"/>
        <line num="23" count="17" type="cond" truecount="2" falsecount="0"/>
        <line num="24" count="7" type="stmt"/>
        <line num="25" count="7" type="stmt"/>
        <line num="26" count="7" type="stmt"/>
        <line num="27" count="9" type="cond" truecount="2" falsecount="0"/>
        <line num="28" count="3" type="stmt"/>
        <line num="29" count="3" type="stmt"/>
        <line num="30" count="3" type="stmt"/>
        <line num="32" count="6" type="stmt"/>
        <line num="33" count="6" type="stmt"/>
        <line num="34" count="6" type="stmt"/>
        <line num="36" count="7" type="stmt"/>
        <line num="38" count="10" type="stmt"/>
        <line num="41" count="1" type="stmt"/>
        <line num="42" count="5" type="cond" truecount="1" falsecount="1"/>
        <line num="43" count="5" type="cond" truecount="1" falsecount="1"/>
        <line num="45" count="5" type="stmt"/>
        <line num="46" count="5" type="stmt"/>
        <line num="47" count="5" type="stmt"/>
        <line num="48" count="5" type="stmt"/>
        <line num="49" count="18" type="cond" truecount="2" falsecount="0"/>
        <line num="50" count="16" type="cond" truecount="5" falsecount="0"/>
        <line num="51" count="4" type="cond" truecount="1" falsecount="1"/>
        <line num="52" count="4" type="stmt"/>
        <line num="53" count="4" type="stmt"/>
        <line num="54" count="4" type="stmt"/>
        <line num="56" count="0" type="stmt"/>
        <line num="57" count="0" type="stmt"/>
        <line num="58" count="0" type="stmt"/>
        <line num="60" count="12" type="cond" truecount="2" falsecount="0"/>
        <line num="61" count="3" type="stmt"/>
        <line num="62" count="3" type="stmt"/>
        <line num="63" count="3" type="stmt"/>
        <line num="65" count="9" type="cond" truecount="2" falsecount="0"/>
        <line num="66" count="4" type="stmt"/>
        <line num="67" count="4" type="stmt"/>
        <line num="68" count="4" type="stmt"/>
        <line num="69" count="4" type="stmt"/>
        <line num="73" count="5" type="stmt"/>
        <line num="74" count="5" type="stmt"/>
        <line num="75" count="5" type="stmt"/>
        <line num="77" count="2" type="cond" truecount="2" falsecount="0"/>
        <line num="78" count="1" type="stmt"/>
        <line num="79" count="1" type="stmt"/>
        <line num="80" count="1" type="stmt"/>
        <line num="82" count="1" type="stmt"/>
        <line num="83" count="1" type="stmt"/>
        <line num="84" count="1" type="stmt"/>
        <line num="86" count="5" type="stmt"/>
        <line num="89" count="1" type="cond" truecount="0" falsecount="1"/>
        <line num="90" count="0" type="stmt"/>
        <line num="91" count="0" type="stmt"/>
      </file>
      <file name="parsers.js" path="/home/unukalhai/frontend-project-46/src/parsers.js">
        <metrics statements="4" coveredstatements="4" conditionals="4" coveredconditionals="4" methods="1" coveredmethods="1"/>
        <line num="4" count="1" type="stmt"/>
        <line num="5" count="7" type="cond" truecount="4" falsecount="0"/>
        <line num="6" count="1" type="stmt"/>
        <line num="8" count="6" type="stmt"/>
      </file>
    </package>
    <package name="src.formatters">
      <metrics statements="70" coveredstatements="67" conditionals="51" coveredconditionals="46" methods="11" coveredmethods="11"/>
      <file name="index.js" path="/home/unukalhai/frontend-project-46/src/formatters/index.js">
        <metrics statements="6" coveredstatements="6" conditionals="3" coveredconditionals="3" methods="1" coveredmethods="1"/>
        <line num="5" count="1" type="stmt"/>
        <line num="6" count="3" type="cond" truecount="3" falsecount="0"/>
        <line num="8" count="1" type="stmt"/>
        <line num="10" count="1" type="stmt"/>
        <line num="12" count="1" type="stmt"/>
        <line num="13" count="1" type="stmt"/>
      </file>
      <file name="json.js" path="/home/unukalhai/frontend-project-46/src/formatters/json.js">
        <metrics statements="1" coveredstatements="1" conditionals="0" coveredconditionals="0" methods="1" coveredmethods="1"/>
        <line num="1" count="2" type="stmt"/>
      </file>
      <file name="plain.js" path="/home/unukalhai/frontend-project-46/src/formatters/plain.js">
        <metrics statements="36" coveredstatements="33" conditionals="26" coveredconditionals="24" methods="5" coveredmethods="5"/>
        <line num="3" count="1" type="stmt"/>
        <line num="4" count="39" type="cond" truecount="2" falsecount="0"/>
        <line num="5" count="3" type="stmt"/>
        <line num="7" count="36" type="cond" truecount="2" falsecount="0"/>
        <line num="8" count="9" type="stmt"/>
        <line num="10" count="27" type="cond" truecount="2" falsecount="0"/>
        <line num="11" count="21" type="stmt"/>
        <line num="13" count="6" type="stmt"/>
        <line num="16" count="1" type="stmt"/>
        <line num="17" count="3" type="cond" truecount="2" falsecount="0"/>
        <line num="18" count="15" type="stmt"/>
        <line num="21" count="54" type="stmt"/>
        <line num="22" count="75" type="cond" truecount="2" falsecount="0"/>
        <line num="23" count="57" type="stmt"/>
        <line num="24" count="57" type="cond" truecount="1" falsecount="1"/>
        <line num="25" count="0" type="stmt"/>
        <line num="26" count="0" type="stmt"/>
        <line num="29" count="75" type="stmt"/>
        <line num="31" count="54" type="stmt"/>
        <line num="32" count="54" type="cond" truecount="2" falsecount="0"/>
        <line num="33" count="54" type="cond" truecount="2" falsecount="0"/>
        <line num="34" count="15" type="stmt"/>
        <line num="36" count="39" type="cond" truecount="2" falsecount="0"/>
        <line num="37" count="6" type="stmt"/>
        <line num="39" count="33" type="cond" truecount="2" falsecount="0"/>
        <line num="40" count="12" type="stmt"/>
        <line num="42" count="21" type="cond" truecount="1" falsecount="1"/>
        <line num="43" count="21" type="stmt"/>
        <line num="44" count="21" type="stmt"/>
        <line num="45" count="21" type="cond" truecount="2" falsecount="0"/>
        <line num="46" count="21" type="cond" truecount="2" falsecount="0"/>
        <line num="47" count="12" type="stmt"/>
        <line num="49" count="9" type="stmt"/>
        <line num="51" count="0" type="stmt"/>
        <line num="54" count="15" type="stmt"/>
        <line num="59" count="3" type="stmt"/>
      </file>
      <file name="stylish.js" path="/home/unukalhai/frontend-project-46/src/formatters/stylish.js">
        <metrics statements="27" coveredstatements="27" conditionals="22" coveredconditionals="19" methods="4" coveredmethods="4"/>
        <line num="1" count="1" type="cond" truecount="2" falsecount="0"/>
        <line num="2" count="3" type="stmt"/>
        <line num="3" count="69" type="cond" truecount="2" falsecount="0"/>
        <line num="4" count="41" type="cond" truecount="1" falsecount="1"/>
        <line num="6" count="28" type="cond" truecount="2" falsecount="0"/>
        <line num="7" count="2" type="stmt"/>
        <line num="10" count="26" type="stmt"/>
        <line num="11" count="26" type="stmt"/>
        <line num="12" count="26" type="stmt"/>
        <line num="13" count="26" type="cond" truecount="1" falsecount="1"/>
        <line num="14" count="26" type="stmt"/>
        <line num="17" count="58" type="stmt"/>
        <line num="18" count="66" type="cond" truecount="2" falsecount="0"/>
        <line num="19" count="11" type="stmt"/>
        <line num="21" count="55" type="cond" truecount="2" falsecount="0"/>
        <line num="22" count="5" type="stmt"/>
        <line num="24" count="50" type="cond" truecount="2" falsecount="0"/>
        <line num="25" count="16" type="stmt"/>
        <line num="27" count="34" type="stmt"/>
        <line num="29" count="58" type="cond" truecount="2" falsecount="0"/>
        <line num="30" count="8" type="stmt"/>
        <line num="32" count="50" type="cond" truecount="2" falsecount="0"/>
        <line num="33" count="21" type="stmt"/>
        <line num="35" count="29" type="cond" truecount="1" falsecount="1"/>
        <line num="36" count="29" type="stmt"/>
        <line num="38" count="26" type="stmt"/>
        <line num="45" count="3" type="stmt"/>
      </file>
    </package>
  </project>
</coverage>
