{"/home/unukalhai/frontend-project-46/formatters/index.js": {"path":"/home/unukalhai/frontend-project-46/formatters/index.js","statementMap":{"0":{"start":{"line":5,"column":21},"end":{"line":13,"column":1}},"1":{"start":{"line":6,"column":2},"end":{"line":8,"column":3}},"2":{"start":{"line":7,"column":4},"end":{"line":7,"column":25}},"3":{"start":{"line":9,"column":2},"end":{"line":11,"column":3}},"4":{"start":{"line":10,"column":4},"end":{"line":10,"column":24}},"5":{"start":{"line":12,"column":2},"end":{"line":12,"column":33}}},"fnMap":{"0":{"name":"(anonymous_0)","decl":{"start":{"line":5,"column":21},"end":{"line":5,"column":22}},"loc":{"start":{"line":5,"column":37},"end":{"line":13,"column":1}},"line":5}},"branchMap":{"0":{"loc":{"start":{"line":6,"column":2},"end":{"line":8,"column":3}},"type":"if","locations":[{"start":{"line":6,"column":2},"end":{"line":8,"column":3}},{"start":{},"end":{}}],"line":6},"1":{"loc":{"start":{"line":9,"column":2},"end":{"line":11,"column":3}},"type":"if","locations":[{"start":{"line":9,"column":2},"end":{"line":11,"column":3}},{"start":{},"end":{}}],"line":9}},"s":{"0":1,"1":3,"2":1,"3":2,"4":1,"5":1},"f":{"0":3},"b":{"0":[1,2],"1":[1,1]},"_coverageSchema":"1a1c01bbd47fc00a2c39e90264f33305004495a9","hash":"4bd6e26b3c4aa10d356da3bed1a7d6131bc60d9d"}
,"/home/unukalhai/frontend-project-46/formatters/json.js": {"path":"/home/unukalhai/frontend-project-46/formatters/json.js","statementMap":{"0":{"start":{"line":1,"column":15},"end":{"line":1,"column":47}},"1":{"start":{"line":1,"column":26},"end":{"line":1,"column":47}}},"fnMap":{"0":{"name":"(anonymous_0)","decl":{"start":{"line":1,"column":15},"end":{"line":1,"column":16}},"loc":{"start":{"line":1,"column":26},"end":{"line":1,"column":47}},"line":1}},"branchMap":{},"s":{"0":1,"1":1},"f":{"0":1},"b":{},"_coverageSchema":"1a1c01bbd47fc00a2c39e90264f33305004495a9","hash":"2350d6fdfd90e41044df9c3f1355ab5cf30af2da"}
,"/home/unukalhai/frontend-project-46/formatters/plain.js": {"path":"/home/unukalhai/frontend-project-46/formatters/plain.js","statementMap":{"0":{"start":{"line":3,"column":22},"end":{"line":14,"column":1}},"1":{"start":{"line":4,"column":2},"end":{"line":6,"column":3}},"2":{"start":{"line":5,"column":4},"end":{"line":5,"column":16}},"3":{"start":{"line":7,"column":2},"end":{"line":9,"column":3}},"4":{"start":{"line":8,"column":4},"end":{"line":8,"column":29}},"5":{"start":{"line":10,"column":2},"end":{"line":12,"column":3}},"6":{"start":{"line":11,"column":4},"end":{"line":11,"column":24}},"7":{"start":{"line":13,"column":2},"end":{"line":13,"column":15}},"8":{"start":{"line":16,"column":16},"end":{"line":60,"column":1}},"9":{"start":{"line":17,"column":15},"end":{"line":57,"column":3}},"10":{"start":{"line":18,"column":18},"end":{"line":52,"column":6}},"11":{"start":{"line":21,"column":25},"end":{"line":30,"column":7}},"12":{"start":{"line":22,"column":8},"end":{"line":28,"column":9}},"13":{"start":{"line":23,"column":22},"end":{"line":23,"column":36}},"14":{"start":{"line":24,"column":10},"end":{"line":27,"column":11}},"15":{"start":{"line":25,"column":12},"end":{"line":25,"column":44}},"16":{"start":{"line":26,"column":12},"end":{"line":26,"column":33}},"17":{"start":{"line":29,"column":8},"end":{"line":29,"column":19}},"18":{"start":{"line":31,"column":24},"end":{"line":31,"column":45}},"19":{"start":{"line":32,"column":26},"end":{"line":32,"column":62}},"20":{"start":{"line":33,"column":6},"end":{"line":35,"column":7}},"21":{"start":{"line":34,"column":8},"end":{"line":34,"column":101}},"22":{"start":{"line":36,"column":6},"end":{"line":38,"column":7}},"23":{"start":{"line":37,"column":8},"end":{"line":37,"column":67}},"24":{"start":{"line":39,"column":6},"end":{"line":41,"column":7}},"25":{"start":{"line":40,"column":8},"end":{"line":40,"column":125}},"26":{"start":{"line":42,"column":6},"end":{"line":50,"column":7}},"27":{"start":{"line":43,"column":21},"end":{"line":43,"column":42}},"28":{"start":{"line":44,"column":26},"end":{"line":44,"column":43}},"29":{"start":{"line":45,"column":26},"end":{"line":45,"column":56}},"30":{"start":{"line":46,"column":8},"end":{"line":48,"column":9}},"31":{"start":{"line":47,"column":10},"end":{"line":47,"column":51}},"32":{"start":{"line":49,"column":8},"end":{"line":49,"column":18}},"33":{"start":{"line":51,"column":6},"end":{"line":51,"column":17}},"34":{"start":{"line":54,"column":4},"end":{"line":56,"column":40}},"35":{"start":{"line":59,"column":2},"end":{"line":59,"column":19}}},"fnMap":{"0":{"name":"(anonymous_0)","decl":{"start":{"line":3,"column":22},"end":{"line":3,"column":23}},"loc":{"start":{"line":3,"column":33},"end":{"line":14,"column":1}},"line":3},"1":{"name":"(anonymous_1)","decl":{"start":{"line":16,"column":16},"end":{"line":16,"column":17}},"loc":{"start":{"line":16,"column":25},"end":{"line":60,"column":1}},"line":16},"2":{"name":"(anonymous_2)","decl":{"start":{"line":17,"column":15},"end":{"line":17,"column":16}},"loc":{"start":{"line":17,"column":60},"end":{"line":57,"column":3}},"line":17},"3":{"name":"(anonymous_3)","decl":{"start":{"line":18,"column":35},"end":{"line":18,"column":36}},"loc":{"start":{"line":20,"column":10},"end":{"line":52,"column":5}},"line":20},"4":{"name":"(anonymous_4)","decl":{"start":{"line":21,"column":25},"end":{"line":21,"column":26}},"loc":{"start":{"line":21,"column":34},"end":{"line":30,"column":7}},"line":21}},"branchMap":{"0":{"loc":{"start":{"line":4,"column":2},"end":{"line":6,"column":3}},"type":"if","locations":[{"start":{"line":4,"column":2},"end":{"line":6,"column":3}},{"start":{},"end":{}}],"line":4},"1":{"loc":{"start":{"line":7,"column":2},"end":{"line":9,"column":3}},"type":"if","locations":[{"start":{"line":7,"column":2},"end":{"line":9,"column":3}},{"start":{},"end":{}}],"line":7},"2":{"loc":{"start":{"line":10,"column":2},"end":{"line":12,"column":3}},"type":"if","locations":[{"start":{"line":10,"column":2},"end":{"line":12,"column":3}},{"start":{},"end":{}}],"line":10},"3":{"loc":{"start":{"line":17,"column":30},"end":{"line":17,"column":44}},"type":"default-arg","locations":[{"start":{"line":17,"column":42},"end":{"line":17,"column":44}}],"line":17},"4":{"loc":{"start":{"line":17,"column":46},"end":{"line":17,"column":55}},"type":"default-arg","locations":[{"start":{"line":17,"column":54},"end":{"line":17,"column":55}}],"line":17},"5":{"loc":{"start":{"line":22,"column":8},"end":{"line":28,"column":9}},"type":"if","locations":[{"start":{"line":22,"column":8},"end":{"line":28,"column":9}},{"start":{},"end":{}}],"line":22},"6":{"loc":{"start":{"line":24,"column":10},"end":{"line":27,"column":11}},"type":"if","locations":[{"start":{"line":24,"column":10},"end":{"line":27,"column":11}},{"start":{},"end":{}}],"line":24},"7":{"loc":{"start":{"line":32,"column":26},"end":{"line":32,"column":62}},"type":"cond-expr","locations":[{"start":{"line":32,"column":45},"end":{"line":32,"column":49}},{"start":{"line":32,"column":52},"end":{"line":32,"column":62}}],"line":32},"8":{"loc":{"start":{"line":33,"column":6},"end":{"line":35,"column":7}},"type":"if","locations":[{"start":{"line":33,"column":6},"end":{"line":35,"column":7}},{"start":{},"end":{}}],"line":33},"9":{"loc":{"start":{"line":36,"column":6},"end":{"line":38,"column":7}},"type":"if","locations":[{"start":{"line":36,"column":6},"end":{"line":38,"column":7}},{"start":{},"end":{}}],"line":36},"10":{"loc":{"start":{"line":39,"column":6},"end":{"line":41,"column":7}},"type":"if","locations":[{"start":{"line":39,"column":6},"end":{"line":41,"column":7}},{"start":{},"end":{}}],"line":39},"11":{"loc":{"start":{"line":42,"column":6},"end":{"line":50,"column":7}},"type":"if","locations":[{"start":{"line":42,"column":6},"end":{"line":50,"column":7}},{"start":{},"end":{}}],"line":42},"12":{"loc":{"start":{"line":45,"column":26},"end":{"line":45,"column":56}},"type":"cond-expr","locations":[{"start":{"line":45,"column":40},"end":{"line":45,"column":44}},{"start":{"line":45,"column":47},"end":{"line":45,"column":56}}],"line":45},"13":{"loc":{"start":{"line":46,"column":8},"end":{"line":48,"column":9}},"type":"if","locations":[{"start":{"line":46,"column":8},"end":{"line":48,"column":9}},{"start":{},"end":{}}],"line":46}},"s":{"0":1,"1":26,"2":2,"3":24,"4":6,"5":18,"6":14,"7":4,"8":1,"9":2,"10":10,"11":36,"12":50,"13":38,"14":38,"15":0,"16":0,"17":50,"18":36,"19":36,"20":36,"21":10,"22":26,"23":4,"24":22,"25":8,"26":14,"27":14,"28":14,"29":14,"30":14,"31":8,"32":6,"33":0,"34":10,"35":2},"f":{"0":26,"1":2,"2":10,"3":36,"4":50},"b":{"0":[2,24],"1":[6,18],"2":[14,4],"3":[2],"4":[2],"5":[38,12],"6":[0,38],"7":[8,28],"8":[10,26],"9":[4,22],"10":[8,14],"11":[14,0],"12":[4,10],"13":[8,6]},"_coverageSchema":"1a1c01bbd47fc00a2c39e90264f33305004495a9","hash":"c04cb0b20538a796a65f856da674b5e1b46b6595"}
,"/home/unukalhai/frontend-project-46/formatters/stylish.js": {"path":"/home/unukalhai/frontend-project-46/formatters/stylish.js","statementMap":{"0":{"start":{"line":1,"column":18},"end":{"line":52,"column":1}},"1":{"start":{"line":2,"column":15},"end":{"line":49,"column":3}},"2":{"start":{"line":3,"column":4},"end":{"line":8,"column":5}},"3":{"start":{"line":4,"column":6},"end":{"line":6,"column":7}},"4":{"start":{"line":5,"column":8},"end":{"line":5,"column":27}},"5":{"start":{"line":7,"column":6},"end":{"line":7,"column":37}},"6":{"start":{"line":9,"column":4},"end":{"line":11,"column":5}},"7":{"start":{"line":10,"column":6},"end":{"line":10,"column":20}},"8":{"start":{"line":13,"column":23},"end":{"line":13,"column":42}},"9":{"start":{"line":14,"column":22},"end":{"line":14,"column":49}},"10":{"start":{"line":15,"column":26},"end":{"line":15,"column":67}},"11":{"start":{"line":16,"column":26},"end":{"line":16,"column":66}},"12":{"start":{"line":17,"column":18},"end":{"line":43,"column":6}},"13":{"start":{"line":20,"column":25},"end":{"line":31,"column":7}},"14":{"start":{"line":21,"column":8},"end":{"line":23,"column":9}},"15":{"start":{"line":22,"column":10},"end":{"line":22,"column":22}},"16":{"start":{"line":24,"column":8},"end":{"line":26,"column":9}},"17":{"start":{"line":25,"column":10},"end":{"line":25,"column":22}},"18":{"start":{"line":27,"column":8},"end":{"line":29,"column":9}},"19":{"start":{"line":28,"column":10},"end":{"line":28,"column":30}},"20":{"start":{"line":30,"column":8},"end":{"line":30,"column":20}},"21":{"start":{"line":32,"column":6},"end":{"line":37,"column":7}},"22":{"start":{"line":33,"column":8},"end":{"line":35,"column":9}},"23":{"start":{"line":34,"column":10},"end":{"line":34,"column":171}},"24":{"start":{"line":36,"column":8},"end":{"line":36,"column":89}},"25":{"start":{"line":38,"column":6},"end":{"line":40,"column":7}},"26":{"start":{"line":39,"column":8},"end":{"line":39,"column":169}},"27":{"start":{"line":41,"column":19},"end":{"line":41,"column":77}},"28":{"start":{"line":42,"column":6},"end":{"line":42,"column":69}},"29":{"start":{"line":44,"column":4},"end":{"line":48,"column":17}},"30":{"start":{"line":51,"column":2},"end":{"line":51,"column":22}}},"fnMap":{"0":{"name":"(anonymous_0)","decl":{"start":{"line":1,"column":18},"end":{"line":1,"column":19}},"loc":{"start":{"line":1,"column":60},"end":{"line":52,"column":1}},"line":1},"1":{"name":"(anonymous_1)","decl":{"start":{"line":2,"column":15},"end":{"line":2,"column":16}},"loc":{"start":{"line":2,"column":40},"end":{"line":49,"column":3}},"line":2},"2":{"name":"(anonymous_2)","decl":{"start":{"line":17,"column":35},"end":{"line":17,"column":36}},"loc":{"start":{"line":19,"column":10},"end":{"line":43,"column":5}},"line":19},"3":{"name":"(anonymous_3)","decl":{"start":{"line":20,"column":25},"end":{"line":20,"column":26}},"loc":{"start":{"line":20,"column":33},"end":{"line":31,"column":7}},"line":20}},"branchMap":{"0":{"loc":{"start":{"line":1,"column":24},"end":{"line":1,"column":38}},"type":"default-arg","locations":[{"start":{"line":1,"column":35},"end":{"line":1,"column":38}}],"line":1},"1":{"loc":{"start":{"line":1,"column":40},"end":{"line":1,"column":55}},"type":"default-arg","locations":[{"start":{"line":1,"column":54},"end":{"line":1,"column":55}}],"line":1},"2":{"loc":{"start":{"line":3,"column":4},"end":{"line":8,"column":5}},"type":"if","locations":[{"start":{"line":3,"column":4},"end":{"line":8,"column":5}},{"start":{},"end":{}}],"line":3},"3":{"loc":{"start":{"line":4,"column":6},"end":{"line":6,"column":7}},"type":"if","locations":[{"start":{"line":4,"column":6},"end":{"line":6,"column":7}},{"start":{},"end":{}}],"line":4},"4":{"loc":{"start":{"line":9,"column":4},"end":{"line":11,"column":5}},"type":"if","locations":[{"start":{"line":9,"column":4},"end":{"line":11,"column":5}},{"start":{},"end":{}}],"line":9},"5":{"loc":{"start":{"line":16,"column":26},"end":{"line":16,"column":66}},"type":"cond-expr","locations":[{"start":{"line":16,"column":52},"end":{"line":16,"column":54}},{"start":{"line":16,"column":57},"end":{"line":16,"column":66}}],"line":16},"6":{"loc":{"start":{"line":21,"column":8},"end":{"line":23,"column":9}},"type":"if","locations":[{"start":{"line":21,"column":8},"end":{"line":23,"column":9}},{"start":{},"end":{}}],"line":21},"7":{"loc":{"start":{"line":24,"column":8},"end":{"line":26,"column":9}},"type":"if","locations":[{"start":{"line":24,"column":8},"end":{"line":26,"column":9}},{"start":{},"end":{}}],"line":24},"8":{"loc":{"start":{"line":27,"column":8},"end":{"line":29,"column":9}},"type":"if","locations":[{"start":{"line":27,"column":8},"end":{"line":29,"column":9}},{"start":{},"end":{}}],"line":27},"9":{"loc":{"start":{"line":32,"column":6},"end":{"line":37,"column":7}},"type":"if","locations":[{"start":{"line":32,"column":6},"end":{"line":37,"column":7}},{"start":{},"end":{}}],"line":32},"10":{"loc":{"start":{"line":33,"column":8},"end":{"line":35,"column":9}},"type":"if","locations":[{"start":{"line":33,"column":8},"end":{"line":35,"column":9}},{"start":{},"end":{}}],"line":33},"11":{"loc":{"start":{"line":38,"column":6},"end":{"line":40,"column":7}},"type":"if","locations":[{"start":{"line":38,"column":6},"end":{"line":40,"column":7}},{"start":{},"end":{}}],"line":38},"12":{"loc":{"start":{"line":41,"column":19},"end":{"line":41,"column":77}},"type":"cond-expr","locations":[{"start":{"line":41,"column":47},"end":{"line":41,"column":52}},{"start":{"line":41,"column":55},"end":{"line":41,"column":77}}],"line":41}},"s":{"0":1,"1":3,"2":69,"3":41,"4":0,"5":41,"6":28,"7":2,"8":26,"9":26,"10":26,"11":26,"12":26,"13":58,"14":66,"15":11,"16":55,"17":5,"18":50,"19":16,"20":34,"21":58,"22":23,"23":2,"24":21,"25":35,"26":6,"27":29,"28":29,"29":26,"30":3},"f":{"0":3,"1":69,"2":58,"3":66},"b":{"0":[1],"1":[1],"2":[41,28],"3":[0,41],"4":[2,26],"5":[0,26],"6":[11,55],"7":[5,50],"8":[16,34],"9":[23,35],"10":[2,21],"11":[6,29],"12":[0,29]},"_coverageSchema":"1a1c01bbd47fc00a2c39e90264f33305004495a9","hash":"99c675cef808a45c0df8d6c031f906fd8668c423"}
,"/home/unukalhai/frontend-project-46/src/functions.js": {"path":"/home/unukalhai/frontend-project-46/src/functions.js","statementMap":{"0":{"start":{"line":7,"column":34},"end":{"line":12,"column":1}},"1":{"start":{"line":8,"column":19},"end":{"line":8,"column":83}},"2":{"start":{"line":9,"column":15},"end":{"line":9,"column":53}},"3":{"start":{"line":10,"column":19},"end":{"line":10,"column":43}},"4":{"start":{"line":11,"column":2},"end":{"line":11,"column":18}},"5":{"start":{"line":14,"column":25},"end":{"line":34,"column":1}},"6":{"start":{"line":15,"column":2},"end":{"line":17,"column":3}},"7":{"start":{"line":16,"column":4},"end":{"line":16,"column":16}},"8":{"start":{"line":18,"column":2},"end":{"line":32,"column":3}},"9":{"start":{"line":19,"column":19},"end":{"line":19,"column":21}},"10":{"start":{"line":20,"column":17},"end":{"line":20,"column":32}},"11":{"start":{"line":21,"column":19},"end":{"line":30,"column":6}},"12":{"start":{"line":22,"column":6},"end":{"line":26,"column":7}},"13":{"start":{"line":23,"column":22},"end":{"line":23,"column":51}},"14":{"start":{"line":24,"column":21},"end":{"line":24,"column":28}},"15":{"start":{"line":25,"column":8},"end":{"line":25,"column":39}},"16":{"start":{"line":27,"column":20},"end":{"line":27,"column":31}},"17":{"start":{"line":28,"column":19},"end":{"line":28,"column":26}},"18":{"start":{"line":29,"column":6},"end":{"line":29,"column":37}},"19":{"start":{"line":31,"column":4},"end":{"line":31,"column":18}},"20":{"start":{"line":33,"column":2},"end":{"line":33,"column":12}},"21":{"start":{"line":36,"column":23},"end":{"line":82,"column":1}},"22":{"start":{"line":37,"column":16},"end":{"line":37,"column":74}},"23":{"start":{"line":38,"column":16},"end":{"line":38,"column":77}},"24":{"start":{"line":40,"column":16},"end":{"line":40,"column":34}},"25":{"start":{"line":41,"column":15},"end":{"line":41,"column":33}},"26":{"start":{"line":42,"column":24},"end":{"line":42,"column":60}},"27":{"start":{"line":43,"column":17},"end":{"line":80,"column":4}},"28":{"start":{"line":44,"column":4},"end":{"line":71,"column":5}},"29":{"start":{"line":45,"column":6},"end":{"line":54,"column":7}},"30":{"start":{"line":46,"column":8},"end":{"line":50,"column":9}},"31":{"start":{"line":47,"column":25},"end":{"line":47,"column":37}},"32":{"start":{"line":48,"column":24},"end":{"line":48,"column":57}},"33":{"start":{"line":49,"column":10},"end":{"line":49,"column":41}},"34":{"start":{"line":51,"column":23},"end":{"line":51,"column":30}},"35":{"start":{"line":52,"column":22},"end":{"line":52,"column":33}},"36":{"start":{"line":53,"column":8},"end":{"line":53,"column":39}},"37":{"start":{"line":55,"column":6},"end":{"line":59,"column":7}},"38":{"start":{"line":56,"column":23},"end":{"line":56,"column":35}},"39":{"start":{"line":57,"column":22},"end":{"line":57,"column":33}},"40":{"start":{"line":58,"column":8},"end":{"line":58,"column":39}},"41":{"start":{"line":60,"column":6},"end":{"line":67,"column":7}},"42":{"start":{"line":61,"column":23},"end":{"line":61,"column":32}},"43":{"start":{"line":62,"column":22},"end":{"line":62,"column":51}},"44":{"start":{"line":63,"column":23},"end":{"line":63,"column":52}},"45":{"start":{"line":64,"column":8},"end":{"line":66,"column":10}},"46":{"start":{"line":68,"column":21},"end":{"line":68,"column":28}},"47":{"start":{"line":69,"column":20},"end":{"line":69,"column":49}},"48":{"start":{"line":70,"column":6},"end":{"line":70,"column":37}},"49":{"start":{"line":72,"column":4},"end":{"line":76,"column":5}},"50":{"start":{"line":73,"column":21},"end":{"line":73,"column":30}},"51":{"start":{"line":74,"column":20},"end":{"line":74,"column":49}},"52":{"start":{"line":75,"column":6},"end":{"line":75,"column":37}},"53":{"start":{"line":77,"column":19},"end":{"line":77,"column":28}},"54":{"start":{"line":78,"column":18},"end":{"line":78,"column":47}},"55":{"start":{"line":79,"column":4},"end":{"line":79,"column":35}},"56":{"start":{"line":81,"column":2},"end":{"line":81,"column":16}},"57":{"start":{"line":84,"column":16},"end":{"line":87,"column":1}},"58":{"start":{"line":85,"column":20},"end":{"line":85,"column":49}},"59":{"start":{"line":86,"column":2},"end":{"line":86,"column":41}}},"fnMap":{"0":{"name":"(anonymous_0)","decl":{"start":{"line":7,"column":34},"end":{"line":7,"column":35}},"loc":{"start":{"line":7,"column":44},"end":{"line":12,"column":1}},"line":7},"1":{"name":"(anonymous_1)","decl":{"start":{"line":14,"column":25},"end":{"line":14,"column":26}},"loc":{"start":{"line":14,"column":33},"end":{"line":34,"column":1}},"line":14},"2":{"name":"(anonymous_2)","decl":{"start":{"line":21,"column":28},"end":{"line":21,"column":29}},"loc":{"start":{"line":21,"column":41},"end":{"line":30,"column":5}},"line":21},"3":{"name":"(anonymous_3)","decl":{"start":{"line":36,"column":23},"end":{"line":36,"column":24}},"loc":{"start":{"line":36,"column":40},"end":{"line":82,"column":1}},"line":36},"4":{"name":"(anonymous_4)","decl":{"start":{"line":43,"column":35},"end":{"line":43,"column":36}},"loc":{"start":{"line":43,"column":45},"end":{"line":80,"column":3}},"line":43},"5":{"name":"(anonymous_5)","decl":{"start":{"line":84,"column":16},"end":{"line":84,"column":17}},"loc":{"start":{"line":84,"column":62},"end":{"line":87,"column":1}},"line":84}},"branchMap":{"0":{"loc":{"start":{"line":8,"column":19},"end":{"line":8,"column":83}},"type":"cond-expr","locations":[{"start":{"line":8,"column":43},"end":{"line":8,"column":47}},{"start":{"line":8,"column":50},"end":{"line":8,"column":83}}],"line":8},"1":{"loc":{"start":{"line":15,"column":2},"end":{"line":17,"column":3}},"type":"if","locations":[{"start":{"line":15,"column":2},"end":{"line":17,"column":3}},{"start":{},"end":{}}],"line":15},"2":{"loc":{"start":{"line":18,"column":2},"end":{"line":32,"column":3}},"type":"if","locations":[{"start":{"line":18,"column":2},"end":{"line":32,"column":3}},{"start":{},"end":{}}],"line":18},"3":{"loc":{"start":{"line":22,"column":6},"end":{"line":26,"column":7}},"type":"if","locations":[{"start":{"line":22,"column":6},"end":{"line":26,"column":7}},{"start":{},"end":{}}],"line":22},"4":{"loc":{"start":{"line":37,"column":16},"end":{"line":37,"column":74}},"type":"cond-expr","locations":[{"start":{"line":37,"column":43},"end":{"line":37,"column":67}},{"start":{"line":37,"column":70},"end":{"line":37,"column":74}}],"line":37},"5":{"loc":{"start":{"line":38,"column":16},"end":{"line":38,"column":77}},"type":"cond-expr","locations":[{"start":{"line":38,"column":44},"end":{"line":38,"column":69}},{"start":{"line":38,"column":72},"end":{"line":38,"column":77}}],"line":38},"6":{"loc":{"start":{"line":44,"column":4},"end":{"line":71,"column":5}},"type":"if","locations":[{"start":{"line":44,"column":4},"end":{"line":71,"column":5}},{"start":{},"end":{}}],"line":44},"7":{"loc":{"start":{"line":45,"column":6},"end":{"line":54,"column":7}},"type":"if","locations":[{"start":{"line":45,"column":6},"end":{"line":54,"column":7}},{"start":{},"end":{}}],"line":45},"8":{"loc":{"start":{"line":45,"column":10},"end":{"line":45,"column":100}},"type":"binary-expr","locations":[{"start":{"line":45,"column":10},"end":{"line":45,"column":41}},{"start":{"line":45,"column":45},"end":{"line":45,"column":65}},{"start":{"line":45,"column":69},"end":{"line":45,"column":100}}],"line":45},"9":{"loc":{"start":{"line":46,"column":8},"end":{"line":50,"column":9}},"type":"if","locations":[{"start":{"line":46,"column":8},"end":{"line":50,"column":9}},{"start":{},"end":{}}],"line":46},"10":{"loc":{"start":{"line":55,"column":6},"end":{"line":59,"column":7}},"type":"if","locations":[{"start":{"line":55,"column":6},"end":{"line":59,"column":7}},{"start":{},"end":{}}],"line":55},"11":{"loc":{"start":{"line":60,"column":6},"end":{"line":67,"column":7}},"type":"if","locations":[{"start":{"line":60,"column":6},"end":{"line":67,"column":7}},{"start":{},"end":{}}],"line":60},"12":{"loc":{"start":{"line":72,"column":4},"end":{"line":76,"column":5}},"type":"if","locations":[{"start":{"line":72,"column":4},"end":{"line":76,"column":5}},{"start":{},"end":{}}],"line":72},"13":{"loc":{"start":{"line":84,"column":39},"end":{"line":84,"column":57}},"type":"default-arg","locations":[{"start":{"line":84,"column":48},"end":{"line":84,"column":57}}],"line":84}},"s":{"0":1,"1":5,"2":5,"3":3,"4":3,"5":1,"6":18,"7":1,"8":17,"9":7,"10":7,"11":7,"12":9,"13":3,"14":3,"15":3,"16":6,"17":6,"18":6,"19":7,"20":10,"21":1,"22":5,"23":5,"24":5,"25":5,"26":5,"27":5,"28":18,"29":16,"30":4,"31":4,"32":4,"33":4,"34":0,"35":0,"36":0,"37":12,"38":3,"39":3,"40":3,"41":9,"42":4,"43":4,"44":4,"45":4,"46":5,"47":5,"48":5,"49":2,"50":1,"51":1,"52":1,"53":1,"54":1,"55":1,"56":5,"57":1,"58":0,"59":0},"f":{"0":5,"1":18,"2":9,"3":5,"4":18,"5":0},"b":{"0":[1,4],"1":[1,17],"2":[7,10],"3":[3,6],"4":[0,5],"5":[0,5],"6":[16,2],"7":[4,12],"8":[16,7,6],"9":[4,0],"10":[3,9],"11":[4,5],"12":[1,1],"13":[0]},"_coverageSchema":"1a1c01bbd47fc00a2c39e90264f33305004495a9","hash":"83c78f4c82bb81e9f43520653b94c469c490ba30"}
,"/home/unukalhai/frontend-project-46/src/parsers.js": {"path":"/home/unukalhai/frontend-project-46/src/parsers.js","statementMap":{"0":{"start":{"line":4,"column":17},"end":{"line":10,"column":1}},"1":{"start":{"line":5,"column":17},"end":{"line":5,"column":39}},"2":{"start":{"line":6,"column":2},"end":{"line":8,"column":3}},"3":{"start":{"line":7,"column":4},"end":{"line":7,"column":27}},"4":{"start":{"line":9,"column":2},"end":{"line":9,"column":26}}},"fnMap":{"0":{"name":"(anonymous_0)","decl":{"start":{"line":4,"column":17},"end":{"line":4,"column":18}},"loc":{"start":{"line":4,"column":37},"end":{"line":10,"column":1}},"line":4}},"branchMap":{"0":{"loc":{"start":{"line":6,"column":2},"end":{"line":8,"column":3}},"type":"if","locations":[{"start":{"line":6,"column":2},"end":{"line":8,"column":3}},{"start":{},"end":{}}],"line":6},"1":{"loc":{"start":{"line":6,"column":6},"end":{"line":6,"column":45}},"type":"binary-expr","locations":[{"start":{"line":6,"column":6},"end":{"line":6,"column":23}},{"start":{"line":6,"column":27},"end":{"line":6,"column":45}}],"line":6}},"s":{"0":1,"1":7,"2":7,"3":1,"4":6},"f":{"0":7},"b":{"0":[1,6],"1":[7,7]},"_coverageSchema":"1a1c01bbd47fc00a2c39e90264f33305004495a9","hash":"f83cfcd8c7922ed83c896725f79205cdad7bf254"}
}
