{"/home/unukalhai/frontend-project-46/src/functions.js": {"path":"/home/unukalhai/frontend-project-46/src/functions.js","statementMap":{"0":{"start":{"line":7,"column":25},"end":{"line":9,"column":1}},"1":{"start":{"line":8,"column":2},"end":{"line":8,"column":41}},"2":{"start":{"line":11,"column":33},"end":{"line":17,"column":1}},"3":{"start":{"line":12,"column":19},"end":{"line":12,"column":83}},"4":{"start":{"line":13,"column":22},"end":{"line":13,"column":60}},"5":{"start":{"line":14,"column":17},"end":{"line":14,"column":36}},"6":{"start":{"line":15,"column":18},"end":{"line":15,"column":47}},"7":{"start":{"line":16,"column":2},"end":{"line":16,"column":17}},"8":{"start":{"line":19,"column":25},"end":{"line":39,"column":1}},"9":{"start":{"line":20,"column":2},"end":{"line":22,"column":3}},"10":{"start":{"line":21,"column":4},"end":{"line":21,"column":16}},"11":{"start":{"line":23,"column":2},"end":{"line":37,"column":3}},"12":{"start":{"line":24,"column":19},"end":{"line":24,"column":21}},"13":{"start":{"line":25,"column":17},"end":{"line":25,"column":32}},"14":{"start":{"line":26,"column":19},"end":{"line":35,"column":6}},"15":{"start":{"line":27,"column":6},"end":{"line":31,"column":7}},"16":{"start":{"line":28,"column":22},"end":{"line":28,"column":51}},"17":{"start":{"line":29,"column":21},"end":{"line":29,"column":28}},"18":{"start":{"line":30,"column":8},"end":{"line":30,"column":39}},"19":{"start":{"line":32,"column":20},"end":{"line":32,"column":31}},"20":{"start":{"line":33,"column":19},"end":{"line":33,"column":26}},"21":{"start":{"line":34,"column":6},"end":{"line":34,"column":37}},"22":{"start":{"line":36,"column":4},"end":{"line":36,"column":18}},"23":{"start":{"line":38,"column":2},"end":{"line":38,"column":12}},"24":{"start":{"line":41,"column":24},"end":{"line":87,"column":1}},"25":{"start":{"line":42,"column":16},"end":{"line":42,"column":73}},"26":{"start":{"line":43,"column":16},"end":{"line":43,"column":76}},"27":{"start":{"line":45,"column":15},"end":{"line":45,"column":33}},"28":{"start":{"line":46,"column":16},"end":{"line":46,"column":34}},"29":{"start":{"line":47,"column":24},"end":{"line":47,"column":60}},"30":{"start":{"line":48,"column":17},"end":{"line":85,"column":4}},"31":{"start":{"line":49,"column":4},"end":{"line":76,"column":5}},"32":{"start":{"line":50,"column":6},"end":{"line":59,"column":7}},"33":{"start":{"line":51,"column":8},"end":{"line":55,"column":9}},"34":{"start":{"line":52,"column":25},"end":{"line":52,"column":37}},"35":{"start":{"line":53,"column":24},"end":{"line":53,"column":58}},"36":{"start":{"line":54,"column":10},"end":{"line":54,"column":41}},"37":{"start":{"line":56,"column":23},"end":{"line":56,"column":30}},"38":{"start":{"line":57,"column":22},"end":{"line":57,"column":33}},"39":{"start":{"line":58,"column":8},"end":{"line":58,"column":39}},"40":{"start":{"line":60,"column":6},"end":{"line":64,"column":7}},"41":{"start":{"line":61,"column":23},"end":{"line":61,"column":35}},"42":{"start":{"line":62,"column":22},"end":{"line":62,"column":33}},"43":{"start":{"line":63,"column":8},"end":{"line":63,"column":39}},"44":{"start":{"line":65,"column":6},"end":{"line":72,"column":7}},"45":{"start":{"line":66,"column":23},"end":{"line":66,"column":32}},"46":{"start":{"line":67,"column":22},"end":{"line":67,"column":51}},"47":{"start":{"line":68,"column":23},"end":{"line":68,"column":52}},"48":{"start":{"line":69,"column":8},"end":{"line":71,"column":10}},"49":{"start":{"line":73,"column":21},"end":{"line":73,"column":28}},"50":{"start":{"line":74,"column":20},"end":{"line":74,"column":49}},"51":{"start":{"line":75,"column":6},"end":{"line":75,"column":37}},"52":{"start":{"line":77,"column":4},"end":{"line":81,"column":5}},"53":{"start":{"line":78,"column":21},"end":{"line":78,"column":30}},"54":{"start":{"line":79,"column":20},"end":{"line":79,"column":49}},"55":{"start":{"line":80,"column":6},"end":{"line":80,"column":37}},"56":{"start":{"line":82,"column":19},"end":{"line":82,"column":28}},"57":{"start":{"line":83,"column":18},"end":{"line":83,"column":47}},"58":{"start":{"line":84,"column":4},"end":{"line":84,"column":35}},"59":{"start":{"line":86,"column":2},"end":{"line":86,"column":16}},"60":{"start":{"line":89,"column":16},"end":{"line":92,"column":1}},"61":{"start":{"line":90,"column":20},"end":{"line":90,"column":50}},"62":{"start":{"line":91,"column":2},"end":{"line":91,"column":40}}},"fnMap":{"0":{"name":"(anonymous_0)","decl":{"start":{"line":7,"column":25},"end":{"line":7,"column":26}},"loc":{"start":{"line":7,"column":39},"end":{"line":9,"column":1}},"line":7},"1":{"name":"(anonymous_1)","decl":{"start":{"line":11,"column":33},"end":{"line":11,"column":34}},"loc":{"start":{"line":11,"column":43},"end":{"line":17,"column":1}},"line":11},"2":{"name":"(anonymous_2)","decl":{"start":{"line":19,"column":25},"end":{"line":19,"column":26}},"loc":{"start":{"line":19,"column":33},"end":{"line":39,"column":1}},"line":19},"3":{"name":"(anonymous_3)","decl":{"start":{"line":26,"column":28},"end":{"line":26,"column":29}},"loc":{"start":{"line":26,"column":41},"end":{"line":35,"column":5}},"line":26},"4":{"name":"(anonymous_4)","decl":{"start":{"line":41,"column":24},"end":{"line":41,"column":25}},"loc":{"start":{"line":41,"column":41},"end":{"line":87,"column":1}},"line":41},"5":{"name":"(anonymous_5)","decl":{"start":{"line":48,"column":35},"end":{"line":48,"column":36}},"loc":{"start":{"line":48,"column":45},"end":{"line":85,"column":3}},"line":48},"6":{"name":"(anonymous_6)","decl":{"start":{"line":89,"column":16},"end":{"line":89,"column":17}},"loc":{"start":{"line":89,"column":62},"end":{"line":92,"column":1}},"line":89}},"branchMap":{"0":{"loc":{"start":{"line":12,"column":19},"end":{"line":12,"column":83}},"type":"cond-expr","locations":[{"start":{"line":12,"column":43},"end":{"line":12,"column":47}},{"start":{"line":12,"column":50},"end":{"line":12,"column":83}}],"line":12},"1":{"loc":{"start":{"line":20,"column":2},"end":{"line":22,"column":3}},"type":"if","locations":[{"start":{"line":20,"column":2},"end":{"line":22,"column":3}},{"start":{},"end":{}}],"line":20},"2":{"loc":{"start":{"line":23,"column":2},"end":{"line":37,"column":3}},"type":"if","locations":[{"start":{"line":23,"column":2},"end":{"line":37,"column":3}},{"start":{},"end":{}}],"line":23},"3":{"loc":{"start":{"line":27,"column":6},"end":{"line":31,"column":7}},"type":"if","locations":[{"start":{"line":27,"column":6},"end":{"line":31,"column":7}},{"start":{},"end":{}}],"line":27},"4":{"loc":{"start":{"line":42,"column":16},"end":{"line":42,"column":73}},"type":"cond-expr","locations":[{"start":{"line":42,"column":43},"end":{"line":42,"column":66}},{"start":{"line":42,"column":69},"end":{"line":42,"column":73}}],"line":42},"5":{"loc":{"start":{"line":43,"column":16},"end":{"line":43,"column":76}},"type":"cond-expr","locations":[{"start":{"line":43,"column":44},"end":{"line":43,"column":68}},{"start":{"line":43,"column":71},"end":{"line":43,"column":76}}],"line":43},"6":{"loc":{"start":{"line":49,"column":4},"end":{"line":76,"column":5}},"type":"if","locations":[{"start":{"line":49,"column":4},"end":{"line":76,"column":5}},{"start":{},"end":{}}],"line":49},"7":{"loc":{"start":{"line":50,"column":6},"end":{"line":59,"column":7}},"type":"if","locations":[{"start":{"line":50,"column":6},"end":{"line":59,"column":7}},{"start":{},"end":{}}],"line":50},"8":{"loc":{"start":{"line":50,"column":10},"end":{"line":50,"column":100}},"type":"binary-expr","locations":[{"start":{"line":50,"column":10},"end":{"line":50,"column":41}},{"start":{"line":50,"column":45},"end":{"line":50,"column":65}},{"start":{"line":50,"column":69},"end":{"line":50,"column":100}}],"line":50},"9":{"loc":{"start":{"line":51,"column":8},"end":{"line":55,"column":9}},"type":"if","locations":[{"start":{"line":51,"column":8},"end":{"line":55,"column":9}},{"start":{},"end":{}}],"line":51},"10":{"loc":{"start":{"line":60,"column":6},"end":{"line":64,"column":7}},"type":"if","locations":[{"start":{"line":60,"column":6},"end":{"line":64,"column":7}},{"start":{},"end":{}}],"line":60},"11":{"loc":{"start":{"line":65,"column":6},"end":{"line":72,"column":7}},"type":"if","locations":[{"start":{"line":65,"column":6},"end":{"line":72,"column":7}},{"start":{},"end":{}}],"line":65},"12":{"loc":{"start":{"line":77,"column":4},"end":{"line":81,"column":5}},"type":"if","locations":[{"start":{"line":77,"column":4},"end":{"line":81,"column":5}},{"start":{},"end":{}}],"line":77},"13":{"loc":{"start":{"line":89,"column":39},"end":{"line":89,"column":57}},"type":"default-arg","locations":[{"start":{"line":89,"column":48},"end":{"line":89,"column":57}}],"line":89}},"s":{"0":1,"1":7,"2":1,"3":5,"4":5,"5":3,"6":3,"7":3,"8":1,"9":18,"10":1,"11":17,"12":7,"13":7,"14":7,"15":9,"16":3,"17":3,"18":3,"19":6,"20":6,"21":6,"22":7,"23":10,"24":1,"25":5,"26":5,"27":5,"28":5,"29":5,"30":5,"31":18,"32":16,"33":4,"34":4,"35":4,"36":4,"37":0,"38":0,"39":0,"40":12,"41":3,"42":3,"43":3,"44":9,"45":4,"46":4,"47":4,"48":4,"49":5,"50":5,"51":5,"52":2,"53":1,"54":1,"55":1,"56":1,"57":1,"58":1,"59":5,"60":1,"61":0,"62":0},"f":{"0":7,"1":5,"2":18,"3":9,"4":5,"5":18,"6":0},"b":{"0":[1,4],"1":[1,17],"2":[7,10],"3":[3,6],"4":[0,5],"5":[0,5],"6":[16,2],"7":[4,12],"8":[16,7,6],"9":[4,0],"10":[3,9],"11":[4,5],"12":[1,1],"13":[0]},"_coverageSchema":"1a1c01bbd47fc00a2c39e90264f33305004495a9","hash":"fa0582d6a266d0cef8551c5e4d9187d58348ecf5"}
,"/home/unukalhai/frontend-project-46/src/parsers.js": {"path":"/home/unukalhai/frontend-project-46/src/parsers.js","statementMap":{"0":{"start":{"line":4,"column":17},"end":{"line":9,"column":1}},"1":{"start":{"line":5,"column":2},"end":{"line":7,"column":3}},"2":{"start":{"line":6,"column":4},"end":{"line":6,"column":27}},"3":{"start":{"line":8,"column":2},"end":{"line":8,"column":26}}},"fnMap":{"0":{"name":"(anonymous_0)","decl":{"start":{"line":4,"column":17},"end":{"line":4,"column":18}},"loc":{"start":{"line":4,"column":35},"end":{"line":9,"column":1}},"line":4}},"branchMap":{"0":{"loc":{"start":{"line":5,"column":2},"end":{"line":7,"column":3}},"type":"if","locations":[{"start":{"line":5,"column":2},"end":{"line":7,"column":3}},{"start":{},"end":{}}],"line":5},"1":{"loc":{"start":{"line":5,"column":6},"end":{"line":5,"column":43}},"type":"binary-expr","locations":[{"start":{"line":5,"column":6},"end":{"line":5,"column":22}},{"start":{"line":5,"column":26},"end":{"line":5,"column":43}}],"line":5}},"s":{"0":1,"1":7,"2":1,"3":6},"f":{"0":7},"b":{"0":[1,6],"1":[7,7]},"_coverageSchema":"1a1c01bbd47fc00a2c39e90264f33305004495a9","hash":"751510259df38eccd183c28c85ac5bcdbb6e3a66"}
,"/home/unukalhai/frontend-project-46/src/formatters/index.js": {"path":"/home/unukalhai/frontend-project-46/src/formatters/index.js","statementMap":{"0":{"start":{"line":5,"column":20},"end":{"line":15,"column":1}},"1":{"start":{"line":6,"column":2},"end":{"line":14,"column":3}},"2":{"start":{"line":8,"column":6},"end":{"line":8,"column":27}},"3":{"start":{"line":10,"column":6},"end":{"line":10,"column":26}},"4":{"start":{"line":12,"column":26},"end":{"line":12,"column":27}},"5":{"start":{"line":13,"column":6},"end":{"line":13,"column":47}}},"fnMap":{"0":{"name":"(anonymous_0)","decl":{"start":{"line":5,"column":20},"end":{"line":5,"column":21}},"loc":{"start":{"line":5,"column":36},"end":{"line":15,"column":1}},"line":5}},"branchMap":{"0":{"loc":{"start":{"line":6,"column":2},"end":{"line":14,"column":3}},"type":"switch","locations":[{"start":{"line":7,"column":4},"end":{"line":8,"column":27}},{"start":{"line":9,"column":4},"end":{"line":10,"column":26}},{"start":{"line":11,"column":4},"end":{"line":13,"column":47}}],"line":6}},"s":{"0":1,"1":3,"2":1,"3":1,"4":1,"5":1},"f":{"0":3},"b":{"0":[1,1,1]},"_coverageSchema":"1a1c01bbd47fc00a2c39e90264f33305004495a9","hash":"e24358cf378d048d2110a75dc7103ea2157b56f4"}
,"/home/unukalhai/frontend-project-46/src/formatters/json.js": {"path":"/home/unukalhai/frontend-project-46/src/formatters/json.js","statementMap":{"0":{"start":{"line":1,"column":15},"end":{"line":1,"column":58}},"1":{"start":{"line":1,"column":26},"end":{"line":1,"column":58}}},"fnMap":{"0":{"name":"(anonymous_0)","decl":{"start":{"line":1,"column":15},"end":{"line":1,"column":16}},"loc":{"start":{"line":1,"column":26},"end":{"line":1,"column":58}},"line":1}},"branchMap":{},"s":{"0":1,"1":2},"f":{"0":2},"b":{},"_coverageSchema":"1a1c01bbd47fc00a2c39e90264f33305004495a9","hash":"333f3fd685a6f4aa9813c941217bae8f2494bedd"}
,"/home/unukalhai/frontend-project-46/src/formatters/plain.js": {"path":"/home/unukalhai/frontend-project-46/src/formatters/plain.js","statementMap":{"0":{"start":{"line":3,"column":22},"end":{"line":14,"column":1}},"1":{"start":{"line":4,"column":2},"end":{"line":6,"column":3}},"2":{"start":{"line":5,"column":4},"end":{"line":5,"column":16}},"3":{"start":{"line":7,"column":2},"end":{"line":9,"column":3}},"4":{"start":{"line":8,"column":4},"end":{"line":8,"column":29}},"5":{"start":{"line":10,"column":2},"end":{"line":12,"column":3}},"6":{"start":{"line":11,"column":4},"end":{"line":11,"column":24}},"7":{"start":{"line":13,"column":2},"end":{"line":13,"column":15}},"8":{"start":{"line":16,"column":16},"end":{"line":60,"column":1}},"9":{"start":{"line":17,"column":15},"end":{"line":57,"column":3}},"10":{"start":{"line":18,"column":18},"end":{"line":52,"column":6}},"11":{"start":{"line":21,"column":25},"end":{"line":30,"column":7}},"12":{"start":{"line":22,"column":8},"end":{"line":28,"column":9}},"13":{"start":{"line":23,"column":22},"end":{"line":23,"column":36}},"14":{"start":{"line":24,"column":10},"end":{"line":27,"column":11}},"15":{"start":{"line":25,"column":12},"end":{"line":25,"column":44}},"16":{"start":{"line":26,"column":12},"end":{"line":26,"column":33}},"17":{"start":{"line":29,"column":8},"end":{"line":29,"column":19}},"18":{"start":{"line":31,"column":24},"end":{"line":31,"column":45}},"19":{"start":{"line":32,"column":26},"end":{"line":32,"column":62}},"20":{"start":{"line":33,"column":6},"end":{"line":35,"column":7}},"21":{"start":{"line":34,"column":8},"end":{"line":34,"column":101}},"22":{"start":{"line":36,"column":6},"end":{"line":38,"column":7}},"23":{"start":{"line":37,"column":8},"end":{"line":37,"column":67}},"24":{"start":{"line":39,"column":6},"end":{"line":41,"column":7}},"25":{"start":{"line":40,"column":8},"end":{"line":40,"column":125}},"26":{"start":{"line":42,"column":6},"end":{"line":50,"column":7}},"27":{"start":{"line":43,"column":21},"end":{"line":43,"column":42}},"28":{"start":{"line":44,"column":26},"end":{"line":44,"column":43}},"29":{"start":{"line":45,"column":26},"end":{"line":45,"column":56}},"30":{"start":{"line":46,"column":8},"end":{"line":48,"column":9}},"31":{"start":{"line":47,"column":10},"end":{"line":47,"column":51}},"32":{"start":{"line":49,"column":8},"end":{"line":49,"column":18}},"33":{"start":{"line":51,"column":6},"end":{"line":51,"column":17}},"34":{"start":{"line":54,"column":4},"end":{"line":56,"column":40}},"35":{"start":{"line":59,"column":2},"end":{"line":59,"column":19}}},"fnMap":{"0":{"name":"(anonymous_0)","decl":{"start":{"line":3,"column":22},"end":{"line":3,"column":23}},"loc":{"start":{"line":3,"column":33},"end":{"line":14,"column":1}},"line":3},"1":{"name":"(anonymous_1)","decl":{"start":{"line":16,"column":16},"end":{"line":16,"column":17}},"loc":{"start":{"line":16,"column":25},"end":{"line":60,"column":1}},"line":16},"2":{"name":"(anonymous_2)","decl":{"start":{"line":17,"column":15},"end":{"line":17,"column":16}},"loc":{"start":{"line":17,"column":60},"end":{"line":57,"column":3}},"line":17},"3":{"name":"(anonymous_3)","decl":{"start":{"line":18,"column":35},"end":{"line":18,"column":36}},"loc":{"start":{"line":20,"column":10},"end":{"line":52,"column":5}},"line":20},"4":{"name":"(anonymous_4)","decl":{"start":{"line":21,"column":25},"end":{"line":21,"column":26}},"loc":{"start":{"line":21,"column":34},"end":{"line":30,"column":7}},"line":21}},"branchMap":{"0":{"loc":{"start":{"line":4,"column":2},"end":{"line":6,"column":3}},"type":"if","locations":[{"start":{"line":4,"column":2},"end":{"line":6,"column":3}},{"start":{},"end":{}}],"line":4},"1":{"loc":{"start":{"line":7,"column":2},"end":{"line":9,"column":3}},"type":"if","locations":[{"start":{"line":7,"column":2},"end":{"line":9,"column":3}},{"start":{},"end":{}}],"line":7},"2":{"loc":{"start":{"line":10,"column":2},"end":{"line":12,"column":3}},"type":"if","locations":[{"start":{"line":10,"column":2},"end":{"line":12,"column":3}},{"start":{},"end":{}}],"line":10},"3":{"loc":{"start":{"line":17,"column":30},"end":{"line":17,"column":44}},"type":"default-arg","locations":[{"start":{"line":17,"column":42},"end":{"line":17,"column":44}}],"line":17},"4":{"loc":{"start":{"line":17,"column":46},"end":{"line":17,"column":55}},"type":"default-arg","locations":[{"start":{"line":17,"column":54},"end":{"line":17,"column":55}}],"line":17},"5":{"loc":{"start":{"line":22,"column":8},"end":{"line":28,"column":9}},"type":"if","locations":[{"start":{"line":22,"column":8},"end":{"line":28,"column":9}},{"start":{},"end":{}}],"line":22},"6":{"loc":{"start":{"line":24,"column":10},"end":{"line":27,"column":11}},"type":"if","locations":[{"start":{"line":24,"column":10},"end":{"line":27,"column":11}},{"start":{},"end":{}}],"line":24},"7":{"loc":{"start":{"line":32,"column":26},"end":{"line":32,"column":62}},"type":"cond-expr","locations":[{"start":{"line":32,"column":45},"end":{"line":32,"column":49}},{"start":{"line":32,"column":52},"end":{"line":32,"column":62}}],"line":32},"8":{"loc":{"start":{"line":33,"column":6},"end":{"line":35,"column":7}},"type":"if","locations":[{"start":{"line":33,"column":6},"end":{"line":35,"column":7}},{"start":{},"end":{}}],"line":33},"9":{"loc":{"start":{"line":36,"column":6},"end":{"line":38,"column":7}},"type":"if","locations":[{"start":{"line":36,"column":6},"end":{"line":38,"column":7}},{"start":{},"end":{}}],"line":36},"10":{"loc":{"start":{"line":39,"column":6},"end":{"line":41,"column":7}},"type":"if","locations":[{"start":{"line":39,"column":6},"end":{"line":41,"column":7}},{"start":{},"end":{}}],"line":39},"11":{"loc":{"start":{"line":42,"column":6},"end":{"line":50,"column":7}},"type":"if","locations":[{"start":{"line":42,"column":6},"end":{"line":50,"column":7}},{"start":{},"end":{}}],"line":42},"12":{"loc":{"start":{"line":45,"column":26},"end":{"line":45,"column":56}},"type":"cond-expr","locations":[{"start":{"line":45,"column":40},"end":{"line":45,"column":44}},{"start":{"line":45,"column":47},"end":{"line":45,"column":56}}],"line":45},"13":{"loc":{"start":{"line":46,"column":8},"end":{"line":48,"column":9}},"type":"if","locations":[{"start":{"line":46,"column":8},"end":{"line":48,"column":9}},{"start":{},"end":{}}],"line":46}},"s":{"0":1,"1":39,"2":3,"3":36,"4":9,"5":27,"6":21,"7":6,"8":1,"9":3,"10":15,"11":54,"12":75,"13":57,"14":57,"15":0,"16":0,"17":75,"18":54,"19":54,"20":54,"21":15,"22":39,"23":6,"24":33,"25":12,"26":21,"27":21,"28":21,"29":21,"30":21,"31":12,"32":9,"33":0,"34":15,"35":3},"f":{"0":39,"1":3,"2":15,"3":54,"4":75},"b":{"0":[3,36],"1":[9,27],"2":[21,6],"3":[3],"4":[3],"5":[57,18],"6":[0,57],"7":[12,42],"8":[15,39],"9":[6,33],"10":[12,21],"11":[21,0],"12":[6,15],"13":[12,9]},"_coverageSchema":"1a1c01bbd47fc00a2c39e90264f33305004495a9","hash":"1bee66d5fe04174553a3fb14b901c7407f7b41f6"}
,"/home/unukalhai/frontend-project-46/src/formatters/stylish.js": {"path":"/home/unukalhai/frontend-project-46/src/formatters/stylish.js","statementMap":{"0":{"start":{"line":1,"column":18},"end":{"line":46,"column":1}},"1":{"start":{"line":2,"column":15},"end":{"line":43,"column":3}},"2":{"start":{"line":3,"column":4},"end":{"line":5,"column":5}},"3":{"start":{"line":4,"column":6},"end":{"line":4,"column":80}},"4":{"start":{"line":6,"column":4},"end":{"line":8,"column":5}},"5":{"start":{"line":7,"column":6},"end":{"line":7,"column":20}},"6":{"start":{"line":10,"column":23},"end":{"line":10,"column":42}},"7":{"start":{"line":11,"column":22},"end":{"line":11,"column":49}},"8":{"start":{"line":12,"column":26},"end":{"line":12,"column":67}},"9":{"start":{"line":13,"column":26},"end":{"line":13,"column":66}},"10":{"start":{"line":14,"column":18},"end":{"line":37,"column":6}},"11":{"start":{"line":17,"column":25},"end":{"line":28,"column":7}},"12":{"start":{"line":18,"column":8},"end":{"line":20,"column":9}},"13":{"start":{"line":19,"column":10},"end":{"line":19,"column":22}},"14":{"start":{"line":21,"column":8},"end":{"line":23,"column":9}},"15":{"start":{"line":22,"column":10},"end":{"line":22,"column":22}},"16":{"start":{"line":24,"column":8},"end":{"line":26,"column":9}},"17":{"start":{"line":25,"column":10},"end":{"line":25,"column":30}},"18":{"start":{"line":27,"column":8},"end":{"line":27,"column":20}},"19":{"start":{"line":29,"column":6},"end":{"line":31,"column":7}},"20":{"start":{"line":30,"column":8},"end":{"line":30,"column":169}},"21":{"start":{"line":32,"column":6},"end":{"line":34,"column":7}},"22":{"start":{"line":33,"column":8},"end":{"line":33,"column":89}},"23":{"start":{"line":35,"column":19},"end":{"line":35,"column":77}},"24":{"start":{"line":36,"column":6},"end":{"line":36,"column":69}},"25":{"start":{"line":38,"column":4},"end":{"line":42,"column":17}},"26":{"start":{"line":45,"column":2},"end":{"line":45,"column":22}}},"fnMap":{"0":{"name":"(anonymous_0)","decl":{"start":{"line":1,"column":18},"end":{"line":1,"column":19}},"loc":{"start":{"line":1,"column":60},"end":{"line":46,"column":1}},"line":1},"1":{"name":"(anonymous_1)","decl":{"start":{"line":2,"column":15},"end":{"line":2,"column":16}},"loc":{"start":{"line":2,"column":40},"end":{"line":43,"column":3}},"line":2},"2":{"name":"(anonymous_2)","decl":{"start":{"line":14,"column":35},"end":{"line":14,"column":36}},"loc":{"start":{"line":16,"column":10},"end":{"line":37,"column":5}},"line":16},"3":{"name":"(anonymous_3)","decl":{"start":{"line":17,"column":25},"end":{"line":17,"column":26}},"loc":{"start":{"line":17,"column":33},"end":{"line":28,"column":7}},"line":17}},"branchMap":{"0":{"loc":{"start":{"line":1,"column":24},"end":{"line":1,"column":38}},"type":"default-arg","locations":[{"start":{"line":1,"column":35},"end":{"line":1,"column":38}}],"line":1},"1":{"loc":{"start":{"line":1,"column":40},"end":{"line":1,"column":55}},"type":"default-arg","locations":[{"start":{"line":1,"column":54},"end":{"line":1,"column":55}}],"line":1},"2":{"loc":{"start":{"line":3,"column":4},"end":{"line":5,"column":5}},"type":"if","locations":[{"start":{"line":3,"column":4},"end":{"line":5,"column":5}},{"start":{},"end":{}}],"line":3},"3":{"loc":{"start":{"line":4,"column":13},"end":{"line":4,"column":79}},"type":"cond-expr","locations":[{"start":{"line":4,"column":42},"end":{"line":4,"column":53}},{"start":{"line":4,"column":56},"end":{"line":4,"column":79}}],"line":4},"4":{"loc":{"start":{"line":6,"column":4},"end":{"line":8,"column":5}},"type":"if","locations":[{"start":{"line":6,"column":4},"end":{"line":8,"column":5}},{"start":{},"end":{}}],"line":6},"5":{"loc":{"start":{"line":13,"column":26},"end":{"line":13,"column":66}},"type":"cond-expr","locations":[{"start":{"line":13,"column":52},"end":{"line":13,"column":54}},{"start":{"line":13,"column":57},"end":{"line":13,"column":66}}],"line":13},"6":{"loc":{"start":{"line":18,"column":8},"end":{"line":20,"column":9}},"type":"if","locations":[{"start":{"line":18,"column":8},"end":{"line":20,"column":9}},{"start":{},"end":{}}],"line":18},"7":{"loc":{"start":{"line":21,"column":8},"end":{"line":23,"column":9}},"type":"if","locations":[{"start":{"line":21,"column":8},"end":{"line":23,"column":9}},{"start":{},"end":{}}],"line":21},"8":{"loc":{"start":{"line":24,"column":8},"end":{"line":26,"column":9}},"type":"if","locations":[{"start":{"line":24,"column":8},"end":{"line":26,"column":9}},{"start":{},"end":{}}],"line":24},"9":{"loc":{"start":{"line":29,"column":6},"end":{"line":31,"column":7}},"type":"if","locations":[{"start":{"line":29,"column":6},"end":{"line":31,"column":7}},{"start":{},"end":{}}],"line":29},"10":{"loc":{"start":{"line":32,"column":6},"end":{"line":34,"column":7}},"type":"if","locations":[{"start":{"line":32,"column":6},"end":{"line":34,"column":7}},{"start":{},"end":{}}],"line":32},"11":{"loc":{"start":{"line":35,"column":19},"end":{"line":35,"column":77}},"type":"cond-expr","locations":[{"start":{"line":35,"column":47},"end":{"line":35,"column":52}},{"start":{"line":35,"column":55},"end":{"line":35,"column":77}}],"line":35}},"s":{"0":1,"1":3,"2":69,"3":41,"4":28,"5":2,"6":26,"7":26,"8":26,"9":26,"10":26,"11":58,"12":66,"13":11,"14":55,"15":5,"16":50,"17":16,"18":34,"19":58,"20":8,"21":50,"22":21,"23":29,"24":29,"25":26,"26":3},"f":{"0":3,"1":69,"2":58,"3":66},"b":{"0":[1],"1":[1],"2":[41,28],"3":[0,41],"4":[2,26],"5":[0,26],"6":[11,55],"7":[5,50],"8":[16,34],"9":[8,50],"10":[21,29],"11":[0,29]},"_coverageSchema":"1a1c01bbd47fc00a2c39e90264f33305004495a9","hash":"d2299ffb15720e9d469c927cb80a1899f6595320"}
}
