TN:
SF:formatters/index.js
FN:5,(anonymous_0)
FNF:1
FNH:1
FNDA:3,(anonymous_0)
DA:5,1
DA:6,3
DA:7,1
DA:9,2
DA:10,1
DA:12,1
LF:6
LH:6
BRDA:6,0,0,1
BRDA:6,0,1,2
BRDA:9,1,0,1
BRDA:9,1,1,1
BRF:4
BRH:4
end_of_record
TN:
SF:formatters/json.js
FN:1,(anonymous_0)
FNF:1
FNH:1
FNDA:1,(anonymous_0)
DA:1,1
LF:1
LH:1
BRF:0
BRH:0
end_of_record
TN:
SF:formatters/plain.js
FN:3,(anonymous_0)
FN:16,(anonymous_1)
FN:17,(anonymous_2)
FN:18,(anonymous_3)
FN:21,(anonymous_4)
FNF:5
FNH:5
FNDA:26,(anonymous_0)
FNDA:2,(anonymous_1)
FNDA:10,(anonymous_2)
FNDA:36,(anonymous_3)
FNDA:50,(anonymous_4)
DA:3,1
DA:4,26
DA:5,2
DA:7,24
DA:8,6
DA:10,18
DA:11,14
DA:13,4
DA:16,1
DA:17,2
DA:18,10
DA:21,36
DA:22,50
DA:23,38
DA:24,38
DA:25,0
DA:26,0
DA:29,50
DA:31,36
DA:32,36
DA:33,36
DA:34,10
DA:36,26
DA:37,4
DA:39,22
DA:40,8
DA:42,14
DA:43,14
DA:44,14
DA:45,14
DA:46,14
DA:47,8
DA:49,6
DA:51,0
DA:54,10
DA:59,2
LF:36
LH:33
BRDA:4,0,0,2
BRDA:4,0,1,24
BRDA:7,1,0,6
BRDA:7,1,1,18
BRDA:10,2,0,14
BRDA:10,2,1,4
BRDA:17,3,0,2
BRDA:17,4,0,2
BRDA:22,5,0,38
BRDA:22,5,1,12
BRDA:24,6,0,0
BRDA:24,6,1,38
BRDA:32,7,0,8
BRDA:32,7,1,28
BRDA:33,8,0,10
BRDA:33,8,1,26
BRDA:36,9,0,4
BRDA:36,9,1,22
BRDA:39,10,0,8
BRDA:39,10,1,14
BRDA:42,11,0,14
BRDA:42,11,1,0
BRDA:45,12,0,4
BRDA:45,12,1,10
BRDA:46,13,0,8
BRDA:46,13,1,6
BRF:26
BRH:24
end_of_record
TN:
SF:formatters/stylish.js
FN:1,(anonymous_0)
FN:2,(anonymous_1)
FN:17,(anonymous_2)
FN:20,(anonymous_3)
FNF:4
FNH:4
FNDA:3,(anonymous_0)
FNDA:69,(anonymous_1)
FNDA:58,(anonymous_2)
FNDA:66,(anonymous_3)
DA:1,1
DA:2,3
DA:3,69
DA:4,41
DA:5,0
DA:7,41
DA:9,28
DA:10,2
DA:13,26
DA:14,26
DA:15,26
DA:16,26
DA:17,26
DA:20,58
DA:21,66
DA:22,11
DA:24,55
DA:25,5
DA:27,50
DA:28,16
DA:30,34
DA:32,58
DA:33,23
DA:34,2
DA:36,21
DA:38,35
DA:39,6
DA:41,29
DA:42,29
DA:44,26
DA:51,3
LF:31
LH:30
BRDA:1,0,0,1
BRDA:1,1,0,1
BRDA:3,2,0,41
BRDA:3,2,1,28
BRDA:4,3,0,0
BRDA:4,3,1,41
BRDA:9,4,0,2
BRDA:9,4,1,26
BRDA:16,5,0,0
BRDA:16,5,1,26
BRDA:21,6,0,11
BRDA:21,6,1,55
BRDA:24,7,0,5
BRDA:24,7,1,50
BRDA:27,8,0,16
BRDA:27,8,1,34
BRDA:32,9,0,23
BRDA:32,9,1,35
BRDA:33,10,0,2
BRDA:33,10,1,21
BRDA:38,11,0,6
BRDA:38,11,1,29
BRDA:41,12,0,0
BRDA:41,12,1,29
BRF:24
BRH:21
end_of_record
TN:
SF:src/functions.js
FN:7,(anonymous_0)
FN:14,(anonymous_1)
FN:21,(anonymous_2)
FN:36,(anonymous_3)
FN:43,(anonymous_4)
FN:84,(anonymous_5)
FNF:6
FNH:5
FNDA:5,(anonymous_0)
FNDA:18,(anonymous_1)
FNDA:9,(anonymous_2)
FNDA:5,(anonymous_3)
FNDA:18,(anonymous_4)
FNDA:0,(anonymous_5)
DA:7,1
DA:8,5
DA:9,5
DA:10,3
DA:11,3
DA:14,1
DA:15,18
DA:16,1
DA:18,17
DA:19,7
DA:20,7
DA:21,7
DA:22,9
DA:23,3
DA:24,3
DA:25,3
DA:27,6
DA:28,6
DA:29,6
DA:31,7
DA:33,10
DA:36,1
DA:37,5
DA:38,5
DA:40,5
DA:41,5
DA:42,5
DA:43,5
DA:44,18
DA:45,16
DA:46,4
DA:47,4
DA:48,4
DA:49,4
DA:51,0
DA:52,0
DA:53,0
DA:55,12
DA:56,3
DA:57,3
DA:58,3
DA:60,9
DA:61,4
DA:62,4
DA:63,4
DA:64,4
DA:68,5
DA:69,5
DA:70,5
DA:72,2
DA:73,1
DA:74,1
DA:75,1
DA:77,1
DA:78,1
DA:79,1
DA:81,5
DA:84,1
DA:85,0
DA:86,0
LF:60
LH:55
BRDA:8,0,0,1
BRDA:8,0,1,4
BRDA:15,1,0,1
BRDA:15,1,1,17
BRDA:18,2,0,7
BRDA:18,2,1,10
BRDA:22,3,0,3
BRDA:22,3,1,6
BRDA:37,4,0,0
BRDA:37,4,1,5
BRDA:38,5,0,0
BRDA:38,5,1,5
BRDA:44,6,0,16
BRDA:44,6,1,2
BRDA:45,7,0,4
BRDA:45,7,1,12
BRDA:45,8,0,16
BRDA:45,8,1,7
BRDA:45,8,2,6
BRDA:46,9,0,4
BRDA:46,9,1,0
BRDA:55,10,0,3
BRDA:55,10,1,9
BRDA:60,11,0,4
BRDA:60,11,1,5
BRDA:72,12,0,1
BRDA:72,12,1,1
BRDA:84,13,0,0
BRF:28
BRH:24
end_of_record
TN:
SF:src/parsers.js
FN:4,(anonymous_0)
FNF:1
FNH:1
FNDA:7,(anonymous_0)
DA:4,1
DA:5,7
DA:6,7
DA:7,1
DA:9,6
LF:5
LH:5
BRDA:6,0,0,1
BRDA:6,0,1,6
BRDA:6,1,0,7
BRDA:6,1,1,7
BRF:4
BRH:4
end_of_record
