TN:
SF:src/functions.js
FN:7,(anonymous_0)
FN:11,(anonymous_1)
FN:19,(anonymous_2)
FN:26,(anonymous_3)
FN:41,(anonymous_4)
FN:48,(anonymous_5)
FN:89,(anonymous_6)
FNF:7
FNH:6
FNDA:7,(anonymous_0)
FNDA:5,(anonymous_1)
FNDA:18,(anonymous_2)
FNDA:9,(anonymous_3)
FNDA:5,(anonymous_4)
FNDA:18,(anonymous_5)
FNDA:0,(anonymous_6)
DA:7,1
DA:8,7
DA:11,1
DA:12,5
DA:13,5
DA:14,3
DA:15,3
DA:16,3
DA:19,1
DA:20,18
DA:21,1
DA:23,17
DA:24,7
DA:25,7
DA:26,7
DA:27,9
DA:28,3
DA:29,3
DA:30,3
DA:32,6
DA:33,6
DA:34,6
DA:36,7
DA:38,10
DA:41,1
DA:42,5
DA:43,5
DA:45,5
DA:46,5
DA:47,5
DA:48,5
DA:49,18
DA:50,16
DA:51,4
DA:52,4
DA:53,4
DA:54,4
DA:56,0
DA:57,0
DA:58,0
DA:60,12
DA:61,3
DA:62,3
DA:63,3
DA:65,9
DA:66,4
DA:67,4
DA:68,4
DA:69,4
DA:73,5
DA:74,5
DA:75,5
DA:77,2
DA:78,1
DA:79,1
DA:80,1
DA:82,1
DA:83,1
DA:84,1
DA:86,5
DA:89,1
DA:90,0
DA:91,0
LF:63
LH:58
BRDA:12,0,0,1
BRDA:12,0,1,4
BRDA:20,1,0,1
BRDA:20,1,1,17
BRDA:23,2,0,7
BRDA:23,2,1,10
BRDA:27,3,0,3
BRDA:27,3,1,6
BRDA:42,4,0,0
BRDA:42,4,1,5
BRDA:43,5,0,0
BRDA:43,5,1,5
BRDA:49,6,0,16
BRDA:49,6,1,2
BRDA:50,7,0,4
BRDA:50,7,1,12
BRDA:50,8,0,16
BRDA:50,8,1,7
BRDA:50,8,2,6
BRDA:51,9,0,4
BRDA:51,9,1,0
BRDA:60,10,0,3
BRDA:60,10,1,9
BRDA:65,11,0,4
BRDA:65,11,1,5
BRDA:77,12,0,1
BRDA:77,12,1,1
BRDA:89,13,0,0
BRF:28
BRH:24
end_of_record
TN:
SF:src/parsers.js
FN:4,(anonymous_0)
FNF:1
FNH:1
FNDA:7,(anonymous_0)
DA:4,1
DA:5,7
DA:6,1
DA:8,6
LF:4
LH:4
BRDA:5,0,0,1
BRDA:5,0,1,6
BRDA:5,1,0,7
BRDA:5,1,1,7
BRF:4
BRH:4
end_of_record
TN:
SF:src/formatters/index.js
FN:5,(anonymous_0)
FNF:1
FNH:1
FNDA:3,(anonymous_0)
DA:5,1
DA:6,3
DA:8,1
DA:10,1
DA:12,1
DA:13,1
LF:6
LH:6
BRDA:6,0,0,1
BRDA:6,0,1,1
BRDA:6,0,2,1
BRF:3
BRH:3
end_of_record
TN:
SF:src/formatters/json.js
FN:1,(anonymous_0)
FNF:1
FNH:1
FNDA:2,(anonymous_0)
DA:1,2
LF:1
LH:1
BRF:0
BRH:0
end_of_record
TN:
SF:src/formatters/plain.js
FN:3,(anonymous_0)
FN:16,(anonymous_1)
FN:17,(anonymous_2)
FN:18,(anonymous_3)
FN:21,(anonymous_4)
FNF:5
FNH:5
FNDA:39,(anonymous_0)
FNDA:3,(anonymous_1)
FNDA:15,(anonymous_2)
FNDA:54,(anonymous_3)
FNDA:75,(anonymous_4)
DA:3,1
DA:4,39
DA:5,3
DA:7,36
DA:8,9
DA:10,27
DA:11,21
DA:13,6
DA:16,1
DA:17,3
DA:18,15
DA:21,54
DA:22,75
DA:23,57
DA:24,57
DA:25,0
DA:26,0
DA:29,75
DA:31,54
DA:32,54
DA:33,54
DA:34,15
DA:36,39
DA:37,6
DA:39,33
DA:40,12
DA:42,21
DA:43,21
DA:44,21
DA:45,21
DA:46,21
DA:47,12
DA:49,9
DA:51,0
DA:54,15
DA:59,3
LF:36
LH:33
BRDA:4,0,0,3
BRDA:4,0,1,36
BRDA:7,1,0,9
BRDA:7,1,1,27
BRDA:10,2,0,21
BRDA:10,2,1,6
BRDA:17,3,0,3
BRDA:17,4,0,3
BRDA:22,5,0,57
BRDA:22,5,1,18
BRDA:24,6,0,0
BRDA:24,6,1,57
BRDA:32,7,0,12
BRDA:32,7,1,42
BRDA:33,8,0,15
BRDA:33,8,1,39
BRDA:36,9,0,6
BRDA:36,9,1,33
BRDA:39,10,0,12
BRDA:39,10,1,21
BRDA:42,11,0,21
BRDA:42,11,1,0
BRDA:45,12,0,6
BRDA:45,12,1,15
BRDA:46,13,0,12
BRDA:46,13,1,9
BRF:26
BRH:24
end_of_record
TN:
SF:src/formatters/stylish.js
FN:1,(anonymous_0)
FN:2,(anonymous_1)
FN:14,(anonymous_2)
FN:17,(anonymous_3)
FNF:4
FNH:4
FNDA:3,(anonymous_0)
FNDA:69,(anonymous_1)
FNDA:58,(anonymous_2)
FNDA:66,(anonymous_3)
DA:1,1
DA:2,3
DA:3,69
DA:4,41
DA:6,28
DA:7,2
DA:10,26
DA:11,26
DA:12,26
DA:13,26
DA:14,26
DA:17,58
DA:18,66
DA:19,11
DA:21,55
DA:22,5
DA:24,50
DA:25,16
DA:27,34
DA:29,58
DA:30,8
DA:32,50
DA:33,21
DA:35,29
DA:36,29
DA:38,26
DA:45,3
LF:27
LH:27
BRDA:1,0,0,1
BRDA:1,1,0,1
BRDA:3,2,0,41
BRDA:3,2,1,28
BRDA:4,3,0,0
BRDA:4,3,1,41
BRDA:6,4,0,2
BRDA:6,4,1,26
BRDA:13,5,0,0
BRDA:13,5,1,26
BRDA:18,6,0,11
BRDA:18,6,1,55
BRDA:21,7,0,5
BRDA:21,7,1,50
BRDA:24,8,0,16
BRDA:24,8,1,34
BRDA:29,9,0,8
BRDA:29,9,1,50
BRDA:32,10,0,21
BRDA:32,10,1,29
BRDA:35,11,0,0
BRDA:35,11,1,29
BRF:22
BRH:19
end_of_record
